<?xml version="1.0" encoding="UTF-8"?>
<!-- Generated by org.testng.reporters.JUnitReportReporter -->
<testsuite hostname="DESKTOP-SSJ1EB0" name="runner.TestRunner" tests="1" failures="0" timestamp="9 Dec 2020 04:14:14 GMT" time="23.783" errors="0">
  <testcase name="runScenario" time="23.783" classname="runner.TestRunner"/>
</testsuite> <!-- runner.TestRunner -->
