<?xml version="1.0" encoding="UTF-8"?>
<!-- Generated by org.testng.reporters.JUnitReportReporter -->
<testsuite hostname="DESKTOP-SSJ1EB0" name="runner.TestRunner" tests="1" failures="0" timestamp="8 Dec 2020 07:13:11 GMT" time="441.497" errors="0">
  <testcase name="feature" time="441.497" classname="runner.TestRunner"/>
</testsuite> <!-- runner.TestRunner -->
